<?xml version="1.0" encoding="UTF-8"?>
<testsuite name="ClienteTest" tests="1" skipped="0" failures="0" errors="0" timestamp="2021-03-10T16:24:48" hostname="PC-CARDIF" time="0.021">
  <properties/>
  <testcase name="test()" classname="ClienteTest" time="0.021"/>
  <system-out><![CDATA[Directory is created!
]]></system-out>
  <system-err><![CDATA[]]></system-err>
</testsuite>
