<?xml version="1.0" encoding="UTF-8"?>
<testsuite name="IOFileTXTTest" tests="1" skipped="0" failures="0" errors="0" timestamp="2021-02-17T23:40:08" hostname="PC-CARDIF" time="0.021">
  <properties/>
  <testcase name="testreadProdotto()" classname="IOFileTXTTest" time="0.021"/>
  <system-out><![CDATA[Elettronica: 
[Empty]

Alimentare: 
[Empty]

Sport: 
[Empty]

Bricolage: 
[Empty]

Abbigliamento: 
[Empty]

Cancelleria: 
[Empty]

]]></system-out>
  <system-err><![CDATA[]]></system-err>
</testsuite>
