<?xml version="1.0" encoding="UTF-8"?>
<testsuite name="MD5Test" tests="1" skipped="0" failures="0" errors="0" timestamp="2021-04-23T14:56:27" hostname="PC-CARDIF" time="0.031">
  <properties/>
  <testcase name="test()" classname="MD5Test" time="0.031"/>
  <system-out><![CDATA[Directory exist for mario.rossi@gmail.com !
Directory exist for Pencil Hub !
Directory is created for antonio.corradi@gmail.com !
File email already exists.
Directory are created for Coop !
Directory are created for Coal !

mario.rossi@gmail.com -> e152bebdada49257c309f26518099257

antonio.corradi@gmail.com -> af60bcd80b2ff878a09c67ed2b4ee885
]]></system-out>
  <system-err><![CDATA[]]></system-err>
</testsuite>
